c:\projects\systemmonitoring\systemmonitoring\debug\systemmonitoring.pch
c:\projects\systemmonitoring\systemmonitoring\debug\vc143.pdb
c:\projects\systemmonitoring\systemmonitoring\debug\vc143.idb
c:\projects\systemmonitoring\systemmonitoring\debug\stdafx.obj
c:\projects\systemmonitoring\systemmonitoring\debug\utils.obj
c:\projects\systemmonitoring\systemmonitoring\debug\systemmonitoring.obj
c:\projects\systemmonitoring\systemmonitoring\debug\monmemory.obj
c:\projects\systemmonitoring\systemmonitoring\debug\moncpu.obj
c:\projects\systemmonitoring\systemmonitoring\debug\cpuinfo.obj
c:\projects\systemmonitoring\debug\systemmonitoring.exe
c:\projects\systemmonitoring\debug\systemmonitoring.pdb
c:\projects\systemmonitoring\systemmonitoring\debug\systemmonitoring.ilk
c:\projects\systemmonitoring\systemmonitoring\debug\systemmonitoring.tlog\cl.command.1.tlog
c:\projects\systemmonitoring\systemmonitoring\debug\systemmonitoring.tlog\cl.items.tlog
c:\projects\systemmonitoring\systemmonitoring\debug\systemmonitoring.tlog\cl.read.1.tlog
c:\projects\systemmonitoring\systemmonitoring\debug\systemmonitoring.tlog\cl.write.1.tlog
c:\projects\systemmonitoring\systemmonitoring\debug\systemmonitoring.tlog\link.command.1.tlog
c:\projects\systemmonitoring\systemmonitoring\debug\systemmonitoring.tlog\link.read.1.tlog
c:\projects\systemmonitoring\systemmonitoring\debug\systemmonitoring.tlog\link.secondary.1.tlog
c:\projects\systemmonitoring\systemmonitoring\debug\systemmonitoring.tlog\link.write.1.tlog
